==231240== Memcheck, a memory error detector
==231240== Copyright (C) 2002-2017, and GNU GPL'd, by Julian Seward et al.
==231240== Using Valgrind-3.18.1 and LibVEX; rerun with -h for copyright info
==231240== Command: ./minishell
==231240== Parent PID: 231237
==231240== 
==231240== 
==231240== FILE DESCRIPTORS: 4 open (3 std) at exit.
==231240== Open file descriptor 3: /home/joao-pol/evaluations/3.MiniShell/dcaetano/leaks.log
==231240==    <inherited from parent>
==231240== 
==231240== 
==231240== HEAP SUMMARY:
==231240==     in use at exit: 215,655 bytes in 227 blocks
==231240==   total heap usage: 1,270 allocs, 1,043 frees, 260,500 bytes allocated
==231240== 
==231240== LEAK SUMMARY:
==231240==    definitely lost: 0 bytes in 0 blocks
==231240==    indirectly lost: 0 bytes in 0 blocks
==231240==      possibly lost: 0 bytes in 0 blocks
==231240==    still reachable: 0 bytes in 0 blocks
==231240==         suppressed: 215,655 bytes in 227 blocks
==231240== 
==231240== ERROR SUMMARY: 0 errors from 0 contexts (suppressed: 0 from 0)
--231240-- 
--231240-- used_suppression:     68 leak readline readline.supp:8 suppressed: 211,598 bytes in 223 blocks
--231240-- used_suppression:      4 leak add_history readline.supp:2 suppressed: 4,057 bytes in 4 blocks
==231240== 
==231240== ERROR SUMMARY: 0 errors from 0 contexts (suppressed: 0 from 0)
